<?xml version="1.0" encoding="UTF-8"?>
<!-- Generated by org.testng.reporters.JUnitXMLReporter -->
<testsuite hostname="LAPTOP-681UQDV7" ignored="0" name="Test" tests="1" failures="1" timestamp="2022-07-20T19:05:59 IST" time="17.0" errors="0">
  <testcase name="feature" time="16.484" classname="cucumber.api.testng.AbstractTestNGCucumberTests">
    <failure type="cucumber.runtime.CucumberException" message="java.lang.AssertionError: expected [37.7577627,-122.4726194] but found [37.7576793,-122.5076402]">
      <![CDATA[cucumber.runtime.CucumberException: java.lang.AssertionError: expected [37.7577627,-122.4726194] but found [37.7576793,-122.5076402]
at cucumber.api.testng.TestNGCucumberRunner.runCucumber(TestNGCucumberRunner.java:69)
at cucumber.api.testng.AbstractTestNGCucumberTests.feature(AbstractTestNGCucumberTests.java:21)
at java.util.ArrayList.forEach(ArrayList.java:1257)
Caused by: java.lang.AssertionError: expected [37.7577627,-122.4726194] but found [37.7576793,-122.5076402]
at step_definitions.FindDirection_Route.i_should_get_correct_co_ordinates_as(FindDirection_Route.java:63)
at âœ½.Then I should get correct co-ordinates(FindDirection_Route.feature:29)
... Removed 33 stack frames]]>
    </failure>
  </testcase> <!-- feature -->
</testsuite> <!-- Test -->
